#
# There is insufficient memory for the Java Runtime Environment to continue.
# Native memory allocation (malloc) failed to allocate 2269776 bytes. Error detail: Chunk::new
# Possible reasons:
#   The system is out of physical RAM or swap space
#   This process is running with CompressedOops enabled, and the Java Heap may be blocking the growth of the native heap
# Possible solutions:
#   Reduce memory load on the system
#   Increase physical memory or swap space
#   Check if swap backing store is full
#   Decrease Java heap size (-Xmx/-Xms)
#   Decrease number of Java threads
#   Decrease Java thread stack sizes (-Xss)
#   Set larger code cache with -XX:ReservedCodeCacheSize=
#   JVM is running with Zero Based Compressed Oops mode in which the Java heap is
#     placed in the first 32GB address space. The Java Heap base address is the
#     maximum limit for the native heap growth. Please use -XX:HeapBaseMinAddress
#     to set the Java Heap base and to place the Java Heap above 32GB virtual address.
# This output file may be truncated or incomplete.
#
#  Out of Memory Error (arena.cpp:191), pid=102104, tid=90236
#
# JRE version: OpenJDK Runtime Environment (17.0.11) (build 17.0.11+0--11852314)
# Java VM: OpenJDK 64-Bit Server VM (17.0.11+0--11852314, mixed mode, tiered, compressed oops, compressed class ptrs, g1 gc, windows-amd64)
# No core dump will be written. Minidumps are not enabled by default on client versions of Windows
#

---------------  S U M M A R Y ------------

Command Line: org.jetbrains.kotlin.cli.jvm.K2JVMCompiler @D:\Project\Android\smj\BACKUP\SMJ-App\app\build\20250924_15114842877790671385.compiler.options

Host: AMD Ryzen 7 7840HS w/ Radeon 780M Graphics     , 16 cores, 15G,  Windows 11 , 64 bit Build 26100 (10.0.26100.4768)
Time: Wed Sep 24 12:46:50 2025 Malay Peninsula Standard Time elapsed time: 4.886907 seconds (0d 0h 0m 4s)

---------------  T H R E A D  ---------------

Current thread (0x000002b5d3599020):  JavaThread "C2 CompilerThread1" daemon [_thread_in_native, id=90236, stack(0x000000e5f5d00000,0x000000e5f5e00000)]


Current CompileTask:
C2:   4886 3271       4       org.jetbrains.kotlin.parsing.KotlinExpressionParsing::parseCallWithClosure (40 bytes)

Stack: [0x000000e5f5d00000,0x000000e5f5e00000]
Native frames: (J=compiled Java code, j=interpreted, Vv=VM code, C=native code)
V  [jvm.dll+0x687bb9]
V  [jvm.dll+0x84142a]
V  [jvm.dll+0x8430ae]
V  [jvm.dll+0x843713]
V  [jvm.dll+0x24a35f]
V  [jvm.dll+0xac544]
V  [jvm.dll+0xacb8c]
V  [jvm.dll+0x369be2]
V  [jvm.dll+0x33416a]
V  [jvm.dll+0x33360a]
V  [jvm.dll+0x21bed1]
V  [jvm.dll+0x21b311]
V  [jvm.dll+0x1a63ed]
V  [jvm.dll+0x22b1ee]
V  [jvm.dll+0x229375]
V  [jvm.dll+0x7f5647]
V  [jvm.dll+0x7efa4a]
V  [jvm.dll+0x686a35]
C  [ucrtbase.dll+0x37b0]
C  [KERNEL32.DLL+0x2e8d7]
C  [ntdll.dll+0x3c34c]


---------------  P R O C E S S  ---------------

Threads class SMR info:
_java_thread_list=0x000002b5d30124f0, length=21, elements={
0x000002b5ab476780, 0x000002b5cc38ee80, 0x000002b5cc392170, 0x000002b5cc3d9a10,
0x000002b5cc3dc3e0, 0x000002b5cc3dcda0, 0x000002b5cc3dd760, 0x000002b5cc3dfc00,
0x000002b5cc3e06b0, 0x000002b5cc405030, 0x000002b5cc558430, 0x000002b5cc566da0,
0x000002b5cc569b40, 0x000002b5cc710510, 0x000002b5d1089350, 0x000002b5d3599020,
0x000002b5d3599d50, 0x000002b5d3675cb0, 0x000002b5d3677940, 0x000002b5d329d300,
0x000002b5d3d37c00
}

Java Threads: ( => current thread )
  0x000002b5ab476780 JavaThread "main" [_thread_blocked, id=100580, stack(0x000000e5f3e00000,0x000000e5f3f00000)]
  0x000002b5cc38ee80 JavaThread "Reference Handler" daemon [_thread_blocked, id=97720, stack(0x000000e5f4500000,0x000000e5f4600000)]
  0x000002b5cc392170 JavaThread "Finalizer" daemon [_thread_blocked, id=99668, stack(0x000000e5f4600000,0x000000e5f4700000)]
  0x000002b5cc3d9a10 JavaThread "Signal Dispatcher" daemon [_thread_blocked, id=101288, stack(0x000000e5f4700000,0x000000e5f4800000)]
  0x000002b5cc3dc3e0 JavaThread "Attach Listener" daemon [_thread_blocked, id=101856, stack(0x000000e5f4800000,0x000000e5f4900000)]
  0x000002b5cc3dcda0 JavaThread "Service Thread" daemon [_thread_blocked, id=98028, stack(0x000000e5f4900000,0x000000e5f4a00000)]
  0x000002b5cc3dd760 JavaThread "Monitor Deflation Thread" daemon [_thread_blocked, id=102392, stack(0x000000e5f4a00000,0x000000e5f4b00000)]
  0x000002b5cc3dfc00 JavaThread "C2 CompilerThread0" daemon [_thread_blocked, id=102216, stack(0x000000e5f4b00000,0x000000e5f4c00000)]
  0x000002b5cc3e06b0 JavaThread "C1 CompilerThread0" daemon [_thread_blocked, id=100268, stack(0x000000e5f4c00000,0x000000e5f4d00000)]
  0x000002b5cc405030 JavaThread "Sweeper thread" daemon [_thread_blocked, id=101784, stack(0x000000e5f4d00000,0x000000e5f4e00000)]
  0x000002b5cc558430 JavaThread "C1 CompilerThread1" daemon [_thread_blocked, id=98736, stack(0x000000e5f4e00000,0x000000e5f4f00000)]
  0x000002b5cc566da0 JavaThread "Notification Thread" daemon [_thread_blocked, id=101820, stack(0x000000e5f4f00000,0x000000e5f5000000)]
  0x000002b5cc569b40 JavaThread "Common-Cleaner" daemon [_thread_blocked, id=99188, stack(0x000000e5f5100000,0x000000e5f5200000)]
  0x000002b5cc710510 JavaThread "C1 CompilerThread2" daemon [_thread_blocked, id=101012, stack(0x000000e5f5200000,0x000000e5f5300000)]
  0x000002b5d1089350 JavaThread "C1 CompilerThread3" daemon [_thread_blocked, id=99308, stack(0x000000e5f5300000,0x000000e5f5400000)]
=>0x000002b5d3599020 JavaThread "C2 CompilerThread1" daemon [_thread_in_native, id=90236, stack(0x000000e5f5d00000,0x000000e5f5e00000)]
  0x000002b5d3599d50 JavaThread "C2 CompilerThread2" daemon [_thread_blocked, id=99292, stack(0x000000e5f6200000,0x000000e5f6300000)]
  0x000002b5d3675cb0 JavaThread "C2 CompilerThread3" daemon [_thread_blocked, id=102956, stack(0x000000e5f6300000,0x000000e5f6400000)]
  0x000002b5d3677940 JavaThread "C2 CompilerThread4" daemon [_thread_blocked, id=101080, stack(0x000000e5f6400000,0x000000e5f6500000)]
  0x000002b5d329d300 JavaThread "C2 CompilerThread5" daemon [_thread_blocked, id=99908, stack(0x000000e5f6500000,0x000000e5f6600000)]
  0x000002b5d3d37c00 JavaThread "C2 CompilerThread6" daemon [_thread_blocked, id=100676, stack(0x000000e5f6600000,0x000000e5f6700000)]

Other Threads:
  0x000002b5cc385bf0 VMThread "VM Thread" [stack: 0x000000e5f4400000,0x000000e5f4500000] [id=98940] _threads_hazard_ptr=0x000002b5d30124f0
  0x000002b5cc569290 WatcherThread [stack: 0x000000e5f5000000,0x000000e5f5100000] [id=101956]
  0x000002b5ab4e2c00 GCTaskThread "GC Thread#0" [stack: 0x000000e5f3f00000,0x000000e5f4000000] [id=102284]
  0x000002b5d141f8e0 GCTaskThread "GC Thread#1" [stack: 0x000000e5f5400000,0x000000e5f5500000] [id=100396]
  0x000002b5d141f080 GCTaskThread "GC Thread#2" [stack: 0x000000e5f5500000,0x000000e5f5600000] [id=100564]
  0x000002b5d141f340 GCTaskThread "GC Thread#3" [stack: 0x000000e5f5600000,0x000000e5f5700000] [id=103360]
  0x000002b5d13c53f0 GCTaskThread "GC Thread#4" [stack: 0x000000e5f5700000,0x000000e5f5800000] [id=98616]
  0x000002b5d17f8a20 GCTaskThread "GC Thread#5" [stack: 0x000000e5f5800000,0x000000e5f5900000] [id=102380]
  0x000002b5d17f8ce0 GCTaskThread "GC Thread#6" [stack: 0x000000e5f5900000,0x000000e5f5a00000] [id=101696]
  0x000002b5d18ce870 GCTaskThread "GC Thread#7" [stack: 0x000000e5f5a00000,0x000000e5f5b00000] [id=102308]
  0x000002b5d2166570 GCTaskThread "GC Thread#8" [stack: 0x000000e5f6000000,0x000000e5f6100000] [id=103404]
  0x000002b5d2d50e90 GCTaskThread "GC Thread#9" [stack: 0x000000e5f6100000,0x000000e5f6200000] [id=93028]
  0x000002b5d2d50650 GCTaskThread "GC Thread#10" [stack: 0x000000e5f5f00000,0x000000e5f6000000] [id=97532]
  0x000002b5d39693c0 GCTaskThread "GC Thread#11" [stack: 0x000000e5f5e00000,0x000000e5f5f00000] [id=88168]
  0x000002b5ab4f2e60 ConcurrentGCThread "G1 Main Marker" [stack: 0x000000e5f4000000,0x000000e5f4100000] [id=99616]
  0x000002b5ab4f6460 ConcurrentGCThread "G1 Conc#0" [stack: 0x000000e5f4100000,0x000000e5f4200000] [id=99808]
  0x000002b5d17b6870 ConcurrentGCThread "G1 Conc#1" [stack: 0x000000e5f5b00000,0x000000e5f5c00000] [id=100884]
  0x000002b5d17b6b30 ConcurrentGCThread "G1 Conc#2" [stack: 0x000000e5f5c00000,0x000000e5f5d00000] [id=99200]
  0x000002b5cbf8ae60 ConcurrentGCThread "G1 Refine#0" [stack: 0x000000e5f4200000,0x000000e5f4300000] [id=101532]
  0x000002b5cbf8c640 ConcurrentGCThread "G1 Service" [stack: 0x000000e5f4300000,0x000000e5f4400000] [id=102376]

Threads with active compile tasks:
C2 CompilerThread0     4895 3353       4       org.jetbrains.kotlin.parsing.KotlinExpressionParsing::parseCallSuffix (118 bytes)
C1 CompilerThread0     4896 3550       3       java.nio.Buffer::flip (20 bytes)
C1 CompilerThread1     4896 3551       1       org.jetbrains.kotlin.fir.types.builder.FirResolvedTypeRefBuilder::getAnnotations (5 bytes)
C1 CompilerThread2     4896 3552       3       org.jetbrains.kotlin.fir.expressions.builder.FirVariableAssignmentBuilder::<init> (19 bytes)
C1 CompilerThread3     4896 3549       3       java.nio.ByteBuffer::flip (7 bytes)
C2 CompilerThread1     4896 3271       4       org.jetbrains.kotlin.parsing.KotlinExpressionParsing::parseCallWithClosure (40 bytes)
C2 CompilerThread2     4896 3544       4       org.jetbrains.kotlin.parsing.KotlinParsing::tryParseModifier (122 bytes)
C2 CompilerThread3     4896 3547       4       org.jetbrains.kotlin.parsing.KotlinExpressionParsing::parsePostfixExpression (228 bytes)
C2 CompilerThread4     4896 3545       4       org.jetbrains.kotlin.parsing.KotlinExpressionParsing::parsePrefixExpression (144 bytes)
C2 CompilerThread5     4896 3546       4       org.jetbrains.kotlin.parsing.KotlinExpressionParsing$Precedence$2::parseHigherPrecedence (5 bytes)
C2 CompilerThread6     4896 3548       4       org.jetbrains.kotlin.fir.lightTree.converter.AbstractLightTreeRawFirBuilder::getChildNodeByType (85 bytes)

VM state: synchronizing (normal execution)

VM Mutex/Monitor currently owned by a thread:  ([mutex/lock_event])
[0x000002b5ab4664f0] Threads_lock - owner thread: 0x000002b5cc385bf0

Heap address: 0x000000070ce00000, size: 3890 MB, Compressed Oops mode: Zero based, Oop shift amount: 3

CDS archive(s) not mapped
Compressed class space mapped at: 0x0000000800000000-0x0000000840000000, reserved size: 1073741824
Narrow klass base: 0x0000000800000000, Narrow klass shift: 0, Narrow klass range: 0x40000000

GC Precious Log:
 CPUs: 16 total, 16 available
 Memory: 15554M
 Large Page Support: Disabled
 NUMA Support: Disabled
 Compressed Oops: Enabled (Zero based)
 Heap Region Size: 2M
 Heap Min Capacity: 8M
 Heap Initial Capacity: 244M
 Heap Max Capacity: 3890M
 Pre-touch: Disabled
 Parallel Workers: 13
 Concurrent Workers: 3
 Concurrent Refinement Workers: 13
 Periodic GC: Disabled

Heap:
 garbage-first heap   total 81920K, used 64333K [0x000000070ce00000, 0x0000000800000000)
  region size 2048K, 24 young (49152K), 2 survivors (4096K)
 Metaspace       used 41848K, committed 42048K, reserved 1114112K
  class space    used 4926K, committed 5056K, reserved 1048576K

Heap Regions: E=young(eden), S=young(survivor), O=old, HS=humongous(starts), HC=humongous(continues), CS=collection set, F=free, OA=open archive, CA=closed archive, TAMS=top-at-mark-start (previous, next)
|   0|0x000000070ce00000, 0x000000070d000000, 0x000000070d000000|100%|HS|  |TAMS 0x000000070d000000, 0x000000070ce00000| Complete 
|   1|0x000000070d000000, 0x000000070d200000, 0x000000070d200000|100%|HC|  |TAMS 0x000000070d200000, 0x000000070d000000| Complete 
|   2|0x000000070d200000, 0x000000070d400000, 0x000000070d400000|100%| O|  |TAMS 0x000000070d400000, 0x000000070d200000| Untracked 
|   3|0x000000070d400000, 0x000000070d400000, 0x000000070d600000|  0%| F|  |TAMS 0x000000070d400000, 0x000000070d400000| Untracked 
|   4|0x000000070d600000, 0x000000070d600000, 0x000000070d800000|  0%| F|  |TAMS 0x000000070d600000, 0x000000070d600000| Untracked 
|   5|0x000000070d800000, 0x000000070d800000, 0x000000070da00000|  0%| F|  |TAMS 0x000000070d800000, 0x000000070d800000| Untracked 
|   6|0x000000070da00000, 0x000000070dc00000, 0x000000070dc00000|100%| O|  |TAMS 0x000000070dc00000, 0x000000070da00000| Untracked 
|   7|0x000000070dc00000, 0x000000070de00000, 0x000000070de00000|100%| O|  |TAMS 0x000000070de00000, 0x000000070dc00000| Untracked 
|   8|0x000000070de00000, 0x000000070e000000, 0x000000070e000000|100%| O|  |TAMS 0x000000070e000000, 0x000000070de00000| Untracked 
|   9|0x000000070e000000, 0x000000070e200000, 0x000000070e200000|100%| O|  |TAMS 0x000000070e200000, 0x000000070e000000| Untracked 
|  10|0x000000070e200000, 0x000000070e400000, 0x000000070e400000|100%| O|  |TAMS 0x000000070e400000, 0x000000070e200000| Untracked 
|  11|0x000000070e400000, 0x000000070e600000, 0x000000070e600000|100%| O|  |TAMS 0x000000070e600000, 0x000000070e400000| Untracked 
|  12|0x000000070e600000, 0x000000070e600000, 0x000000070e800000|  0%| F|  |TAMS 0x000000070e600000, 0x000000070e600000| Untracked 
|  13|0x000000070e800000, 0x000000070e800000, 0x000000070ea00000|  0%| F|  |TAMS 0x000000070e800000, 0x000000070e800000| Untracked 
|  14|0x000000070ea00000, 0x000000070ea00000, 0x000000070ec00000|  0%| F|  |TAMS 0x000000070ea00000, 0x000000070ea00000| Untracked 
|  15|0x000000070ec00000, 0x000000070ec00000, 0x000000070ee00000|  0%| F|  |TAMS 0x000000070ec00000, 0x000000070ec00000| Untracked 
|  16|0x000000070ee00000, 0x000000070ef00800, 0x000000070f000000| 50%| E|  |TAMS 0x000000070ee00000, 0x000000070ee00000| Complete 
|  17|0x000000070f000000, 0x000000070f200000, 0x000000070f200000|100%| E|CS|TAMS 0x000000070f000000, 0x000000070f000000| Complete 
|  18|0x000000070f200000, 0x000000070f400000, 0x000000070f400000|100%| E|CS|TAMS 0x000000070f200000, 0x000000070f200000| Complete 
|  19|0x000000070f400000, 0x000000070f600000, 0x000000070f600000|100%| E|CS|TAMS 0x000000070f400000, 0x000000070f400000| Complete 
|  20|0x000000070f600000, 0x000000070f800000, 0x000000070f800000|100%| E|CS|TAMS 0x000000070f600000, 0x000000070f600000| Complete 
|  21|0x000000070f800000, 0x000000070fa00000, 0x000000070fa00000|100%| E|CS|TAMS 0x000000070f800000, 0x000000070f800000| Complete 
|  22|0x000000070fa00000, 0x000000070fc00000, 0x000000070fc00000|100%| E|CS|TAMS 0x000000070fa00000, 0x000000070fa00000| Complete 
|  23|0x000000070fc00000, 0x000000070fe00000, 0x000000070fe00000|100%| E|CS|TAMS 0x000000070fc00000, 0x000000070fc00000| Complete 
|  24|0x000000070fe00000, 0x0000000710000000, 0x0000000710000000|100%| E|CS|TAMS 0x000000070fe00000, 0x000000070fe00000| Complete 
|  25|0x0000000710000000, 0x0000000710200000, 0x0000000710200000|100%| E|CS|TAMS 0x0000000710000000, 0x0000000710000000| Complete 
|  26|0x0000000710200000, 0x0000000710400000, 0x0000000710400000|100%| E|CS|TAMS 0x0000000710200000, 0x0000000710200000| Complete 
|  27|0x0000000710400000, 0x0000000710600000, 0x0000000710600000|100%| E|CS|TAMS 0x0000000710400000, 0x0000000710400000| Complete 
|  28|0x0000000710600000, 0x0000000710800000, 0x0000000710800000|100%| E|CS|TAMS 0x0000000710600000, 0x0000000710600000| Complete 
|  29|0x0000000710800000, 0x0000000710a00000, 0x0000000710a00000|100%| E|CS|TAMS 0x0000000710800000, 0x0000000710800000| Complete 
|  30|0x0000000710a00000, 0x0000000710c00000, 0x0000000710c00000|100%| E|CS|TAMS 0x0000000710a00000, 0x0000000710a00000| Complete 
|  31|0x0000000710c00000, 0x0000000710e00000, 0x0000000710e00000|100%| E|CS|TAMS 0x0000000710c00000, 0x0000000710c00000| Complete 
|  32|0x0000000710e00000, 0x0000000711000000, 0x0000000711000000|100%| E|CS|TAMS 0x0000000710e00000, 0x0000000710e00000| Complete 
|  33|0x0000000711000000, 0x0000000711200000, 0x0000000711200000|100%| E|CS|TAMS 0x0000000711000000, 0x0000000711000000| Complete 
|  34|0x0000000711200000, 0x0000000711400000, 0x0000000711400000|100%| E|CS|TAMS 0x0000000711200000, 0x0000000711200000| Complete 
|  35|0x0000000711400000, 0x0000000711600000, 0x0000000711600000|100%| E|CS|TAMS 0x0000000711400000, 0x0000000711400000| Complete 
|  36|0x0000000711600000, 0x0000000711800000, 0x0000000711800000|100%| E|CS|TAMS 0x0000000711600000, 0x0000000711600000| Complete 
|  61|0x0000000714800000, 0x00000007148d3578, 0x0000000714a00000| 41%| S|CS|TAMS 0x0000000714800000, 0x0000000714800000| Complete 
|  62|0x0000000714a00000, 0x0000000714c00000, 0x0000000714c00000|100%| S|CS|TAMS 0x0000000714a00000, 0x0000000714a00000| Complete 
| 121|0x000000071c000000, 0x000000071c200000, 0x000000071c200000|100%| E|CS|TAMS 0x000000071c000000, 0x000000071c000000| Complete 

Card table byte_map: [0x000002b5c0890000,0x000002b5c1030000] _byte_map_base: 0x000002b5bd029000

Marking Bits (Prev, Next): (CMBitMap*) 0x000002b5ab4e3220, (CMBitMap*) 0x000002b5ab4e3260
 Prev Bits: [0x000002b5c17d0000, 0x000002b5c5498000)
 Next Bits: [0x000002b5c54a0000, 0x000002b5c9168000)

Polling page: 0x000002b5ab540000

Metaspace:

Usage:
  Non-class:     36.06 MB used.
      Class:      4.81 MB used.
       Both:     40.87 MB used.

Virtual space:
  Non-class space:       64.00 MB reserved,      36.12 MB ( 56%) committed,  1 nodes.
      Class space:        1.00 GB reserved,       4.94 MB ( <1%) committed,  1 nodes.
             Both:        1.06 GB reserved,      41.06 MB (  4%) committed. 

Chunk freelists:
   Non-Class:  10.94 MB
       Class:  10.98 MB
        Both:  21.92 MB

MaxMetaspaceSize: unlimited
CompressedClassSpaceSize: 1.00 GB
Initial GC threshold: 21.00 MB
Current GC threshold: 58.75 MB
CDS: off
MetaspaceReclaimPolicy: balanced
 - commit_granule_bytes: 65536.
 - commit_granule_words: 8192.
 - virtual_space_node_default_size: 8388608.
 - enlarge_chunks_in_place: 1.
 - new_chunks_are_fully_committed: 0.
 - uncommit_free_chunks: 1.
 - use_allocation_guard: 0.
 - handle_deallocations: 1.


Internal statistics:

num_allocs_failed_limit: 6.
num_arena_births: 178.
num_arena_deaths: 0.
num_vsnodes_births: 2.
num_vsnodes_deaths: 0.
num_space_committed: 655.
num_space_uncommitted: 0.
num_chunks_returned_to_freelist: 6.
num_chunks_taken_from_freelist: 1378.
num_chunk_merges: 6.
num_chunk_splits: 1112.
num_chunks_enlarged: 1010.
num_inconsistent_stats: 0.

CodeHeap 'non-profiled nmethods': size=119168Kb used=2035Kb max_used=2035Kb free=117133Kb
 bounds [0x000002b5b7ce0000, 0x000002b5b7f50000, 0x000002b5bf140000]
CodeHeap 'profiled nmethods': size=119104Kb used=9155Kb max_used=9155Kb free=109948Kb
 bounds [0x000002b5b0140000, 0x000002b5b0a40000, 0x000002b5b7590000]
CodeHeap 'non-nmethods': size=7488Kb used=2960Kb max_used=3044Kb free=4528Kb
 bounds [0x000002b5b7590000, 0x000002b5b7890000, 0x000002b5b7ce0000]
 total_blobs=4112 nmethods=3541 adapters=480
 compilation: enabled
              stopped_count=0, restarted_count=0
 full_count=0

Compilation events (20 events):
Event: 3.882 Thread 0x000002b5cc710510 3539       3       org.jetbrains.kotlin.fir.lightTree.converter.LightTreeRawFirDeclarationBuilder::convertNullableType (402 bytes)
Event: 3.884 Thread 0x000002b5cc3e06b0 nmethod 3534 0x000002b5b0a22810 code [0x000002b5b0a23080, 0x000002b5b0a28568]
Event: 3.884 Thread 0x000002b5cc710510 nmethod 3539 0x000002b5b0a29f10 code [0x000002b5b0a2a440, 0x000002b5b0a2d4f8]
Event: 3.884 Thread 0x000002b5d1089350 3540       1       org.jetbrains.kotlin.fir.declarations.builder.FirRegularClassBuilder::getContextReceivers (5 bytes)
Event: 3.884 Thread 0x000002b5cc710510 3541       3       org.jetbrains.kotlin.fir.resolve.providers.impl.FirProviderImpl$$Lambda$294/0x00000008004e8880::invoke (8 bytes)
Event: 3.884 Thread 0x000002b5cc3e06b0 3542       3       org.jetbrains.kotlin.fir.resolve.providers.impl.FirProviderImpl::recordFile$lambda$3 (12 bytes)
Event: 3.884 Thread 0x000002b5cc558430 3543       1       org.jetbrains.kotlin.fir.resolve.providers.impl.FirProviderImpl$State::getClassifierMap (5 bytes)
Event: 3.884 Thread 0x000002b5cc558430 nmethod 3543 0x000002b5b7edc610 code [0x000002b5b7edc7a0, 0x000002b5b7edc878]
Event: 3.885 Thread 0x000002b5cc710510 nmethod 3541 0x000002b5b0a2e410 code [0x000002b5b0a2e6e0, 0x000002b5b0a2f528]
Event: 3.885 Thread 0x000002b5cc3e06b0 nmethod 3542 0x000002b5b0a2fa10 code [0x000002b5b0a2fce0, 0x000002b5b0a309a8]
Event: 3.885 Thread 0x000002b5d1089350 nmethod 3540 0x000002b5b7edc910 code [0x000002b5b7edcaa0, 0x000002b5b7edcb78]
Event: 3.886 Thread 0x000002b5d3599d50 3544       4       org.jetbrains.kotlin.parsing.KotlinParsing::tryParseModifier (122 bytes)
Event: 3.886 Thread 0x000002b5d3677940 3545       4       org.jetbrains.kotlin.parsing.KotlinExpressionParsing::parsePrefixExpression (144 bytes)
Event: 3.887 Thread 0x000002b5d329d300 3546       4       org.jetbrains.kotlin.parsing.KotlinExpressionParsing$Precedence$2::parseHigherPrecedence (5 bytes)
Event: 3.887 Thread 0x000002b5d3675cb0 3547       4       org.jetbrains.kotlin.parsing.KotlinExpressionParsing::parsePostfixExpression (228 bytes)
Event: 3.890 Thread 0x000002b5d3d37c00 3548       4       org.jetbrains.kotlin.fir.lightTree.converter.AbstractLightTreeRawFirBuilder::getChildNodeByType (85 bytes)
Event: 3.891 Thread 0x000002b5cc3e06b0 3550       3       java.nio.Buffer::flip (20 bytes)
Event: 3.891 Thread 0x000002b5d1089350 3549       3       java.nio.ByteBuffer::flip (7 bytes)
Event: 3.893 Thread 0x000002b5cc558430 3551       1       org.jetbrains.kotlin.fir.types.builder.FirResolvedTypeRefBuilder::getAnnotations (5 bytes)
Event: 3.896 Thread 0x000002b5cc710510 3552       3       org.jetbrains.kotlin.fir.expressions.builder.FirVariableAssignmentBuilder::<init> (19 bytes)

GC Heap History (16 events):
Event: 0.520 GC heap before
{Heap before GC invocations=0 (full 0):
 garbage-first heap   total 249856K, used 24576K [0x000000070ce00000, 0x0000000800000000)
  region size 2048K, 11 young (22528K), 0 survivors (0K)
 Metaspace       used 12998K, committed 13120K, reserved 1114112K
  class space    used 1217K, committed 1280K, reserved 1048576K
}
Event: 0.523 GC heap after
{Heap after GC invocations=1 (full 0):
 garbage-first heap   total 249856K, used 7059K [0x000000070ce00000, 0x0000000800000000)
  region size 2048K, 2 young (4096K), 2 survivors (4096K)
 Metaspace       used 12998K, committed 13120K, reserved 1114112K
  class space    used 1217K, committed 1280K, reserved 1048576K
}
Event: 0.881 GC heap before
{Heap before GC invocations=1 (full 0):
 garbage-first heap   total 249856K, used 33683K [0x000000070ce00000, 0x0000000800000000)
  region size 2048K, 17 young (34816K), 2 survivors (4096K)
 Metaspace       used 21284K, committed 21504K, reserved 1114112K
  class space    used 2234K, committed 2368K, reserved 1048576K
}
Event: 0.883 GC heap after
{Heap after GC invocations=2 (full 0):
 garbage-first heap   total 249856K, used 8483K [0x000000070ce00000, 0x0000000800000000)
  region size 2048K, 3 young (6144K), 3 survivors (6144K)
 Metaspace       used 21284K, committed 21504K, reserved 1114112K
  class space    used 2234K, committed 2368K, reserved 1048576K
}
Event: 1.144 GC heap before
{Heap before GC invocations=3 (full 0):
 garbage-first heap   total 40960K, used 28963K [0x000000070ce00000, 0x0000000800000000)
  region size 2048K, 14 young (28672K), 3 survivors (6144K)
 Metaspace       used 23916K, committed 24064K, reserved 1114112K
  class space    used 2574K, committed 2624K, reserved 1048576K
}
Event: 1.151 GC heap after
{Heap after GC invocations=4 (full 0):
 garbage-first heap   total 45056K, used 15327K [0x000000070ce00000, 0x0000000800000000)
  region size 2048K, 6 young (12288K), 6 survivors (12288K)
 Metaspace       used 23916K, committed 24064K, reserved 1114112K
  class space    used 2574K, committed 2624K, reserved 1048576K
}
Event: 1.238 GC heap before
{Heap before GC invocations=4 (full 0):
 garbage-first heap   total 45056K, used 25567K [0x000000070ce00000, 0x0000000800000000)
  region size 2048K, 11 young (22528K), 6 survivors (12288K)
 Metaspace       used 24792K, committed 24960K, reserved 1114112K
  class space    used 2685K, committed 2752K, reserved 1048576K
}
Event: 1.249 GC heap after
{Heap after GC invocations=5 (full 0):
 garbage-first heap   total 45056K, used 18910K [0x000000070ce00000, 0x0000000800000000)
  region size 2048K, 2 young (4096K), 2 survivors (4096K)
 Metaspace       used 24792K, committed 24960K, reserved 1114112K
  class space    used 2685K, committed 2752K, reserved 1048576K
}
Event: 1.408 GC heap before
{Heap before GC invocations=5 (full 0):
 garbage-first heap   total 45056K, used 27102K [0x000000070ce00000, 0x0000000800000000)
  region size 2048K, 6 young (12288K), 2 survivors (4096K)
 Metaspace       used 26807K, committed 27008K, reserved 1114112K
  class space    used 2915K, committed 3008K, reserved 1048576K
}
Event: 1.412 GC heap after
{Heap after GC invocations=6 (full 0):
 garbage-first heap   total 45056K, used 19765K [0x000000070ce00000, 0x0000000800000000)
  region size 2048K, 1 young (2048K), 1 survivors (2048K)
 Metaspace       used 26807K, committed 27008K, reserved 1114112K
  class space    used 2915K, committed 3008K, reserved 1048576K
}
Event: 1.546 GC heap before
{Heap before GC invocations=6 (full 0):
 garbage-first heap   total 45056K, used 27957K [0x000000070ce00000, 0x0000000800000000)
  region size 2048K, 5 young (10240K), 1 survivors (2048K)
 Metaspace       used 29165K, committed 29440K, reserved 1114112K
  class space    used 3227K, committed 3328K, reserved 1048576K
}
Event: 1.548 GC heap after
{Heap after GC invocations=7 (full 0):
 garbage-first heap   total 45056K, used 19360K [0x000000070ce00000, 0x0000000800000000)
  region size 2048K, 1 young (2048K), 1 survivors (2048K)
 Metaspace       used 29165K, committed 29440K, reserved 1114112K
  class space    used 3227K, committed 3328K, reserved 1048576K
}
Event: 1.752 GC heap before
{Heap before GC invocations=7 (full 0):
 garbage-first heap   total 45056K, used 29600K [0x000000070ce00000, 0x0000000800000000)
  region size 2048K, 6 young (12288K), 1 survivors (2048K)
 Metaspace       used 32325K, committed 32576K, reserved 1114112K
  class space    used 4016K, committed 4160K, reserved 1048576K
}
Event: 1.755 GC heap after
{Heap after GC invocations=8 (full 0):
 garbage-first heap   total 147456K, used 20098K [0x000000070ce00000, 0x0000000800000000)
  region size 2048K, 1 young (2048K), 1 survivors (2048K)
 Metaspace       used 32325K, committed 32576K, reserved 1114112K
  class space    used 4016K, committed 4160K, reserved 1048576K
}
Event: 2.099 GC heap before
{Heap before GC invocations=8 (full 0):
 garbage-first heap   total 147456K, used 36482K [0x000000070ce00000, 0x0000000800000000)
  region size 2048K, 10 young (20480K), 1 survivors (2048K)
 Metaspace       used 35765K, committed 35968K, reserved 1114112K
  class space    used 4369K, committed 4480K, reserved 1048576K
}
Event: 2.103 GC heap after
{Heap after GC invocations=9 (full 0):
 garbage-first heap   total 147456K, used 21325K [0x000000070ce00000, 0x0000000800000000)
  region size 2048K, 2 young (4096K), 2 survivors (4096K)
 Metaspace       used 35765K, committed 35968K, reserved 1114112K
  class space    used 4369K, committed 4480K, reserved 1048576K
}

Dll operation events (2 events):
Event: 0.006 Loaded shared library C:\Program Files\Android\Android Studio\jbr\bin\java.dll
Event: 1.190 Loaded shared library C:\Program Files\Android\Android Studio\jbr\bin\verify.dll

Deoptimization events (20 events):
Event: 2.761 Thread 0x000002b5ab476780 Uncommon trap: trap_request=0xffffff45 fr.pc=0x000002b5b7ded144 relative=0x0000000000000e04
Event: 2.761 Thread 0x000002b5ab476780 Uncommon trap: reason=unstable_if action=reinterpret pc=0x000002b5b7ded144 method=org.jetbrains.kotlin.com.intellij.lang.impl.PsiBuilderImpl.skipWhitespace()V @ 51 c2
Event: 2.762 Thread 0x000002b5ab476780 DEOPT PACKING pc=0x000002b5b7ded144 sp=0x000000e5f3efe530
Event: 2.762 Thread 0x000002b5ab476780 DEOPT UNPACKING pc=0x000002b5b75ea1a3 sp=0x000000e5f3efe310 mode 2
Event: 2.762 Thread 0x000002b5ab476780 Uncommon trap: trap_request=0xffffff45 fr.pc=0x000002b5b7ddadcc relative=0x000000000000040c
Event: 2.762 Thread 0x000002b5ab476780 Uncommon trap: reason=unstable_if action=reinterpret pc=0x000002b5b7ddadcc method=org.jetbrains.kotlin.com.intellij.lang.impl.PsiBuilderImpl.eof()Z @ 24 c2
Event: 2.762 Thread 0x000002b5ab476780 DEOPT PACKING pc=0x000002b5b7ddadcc sp=0x000000e5f3efe470
Event: 2.762 Thread 0x000002b5ab476780 DEOPT UNPACKING pc=0x000002b5b75ea1a3 sp=0x000000e5f3efe390 mode 2
Event: 2.762 Thread 0x000002b5ab476780 Uncommon trap: trap_request=0xffffff45 fr.pc=0x000002b5b7e7e924 relative=0x0000000000000084
Event: 2.762 Thread 0x000002b5ab476780 Uncommon trap: reason=unstable_if action=reinterpret pc=0x000002b5b7e7e924 method=org.jetbrains.kotlin.com.intellij.lang.impl.PsiBuilderImpl.getCurrentOffset()I @ 4 c2
Event: 2.762 Thread 0x000002b5ab476780 DEOPT PACKING pc=0x000002b5b7e7e924 sp=0x000000e5f3efe560
Event: 2.762 Thread 0x000002b5ab476780 DEOPT UNPACKING pc=0x000002b5b75ea1a3 sp=0x000000e5f3efe4f8 mode 2
Event: 2.771 Thread 0x000002b5ab476780 Uncommon trap: trap_request=0xffffffde fr.pc=0x000002b5b7e5f11c relative=0x000000000000459c
Event: 2.771 Thread 0x000002b5ab476780 Uncommon trap: reason=class_check action=maybe_recompile pc=0x000002b5b7e5f11c method=org.jetbrains.kotlin.parsing.AbstractKotlinParsing.atSet(Lorg/jetbrains/kotlin/com/intellij/psi/tree/TokenSet;)Z @ 88 c2
Event: 2.771 Thread 0x000002b5ab476780 DEOPT PACKING pc=0x000002b5b7e5f11c sp=0x000000e5f3efaea0
Event: 2.771 Thread 0x000002b5ab476780 DEOPT UNPACKING pc=0x000002b5b75ea1a3 sp=0x000000e5f3efad50 mode 2
Event: 2.835 Thread 0x000002b5ab476780 Uncommon trap: trap_request=0xffffffde fr.pc=0x000002b5b7e5f11c relative=0x000000000000459c
Event: 3.841 Thread 0x000002b5ab476780 Uncommon trap: reason=class_check action=maybe_recompile pc=0x000002b5b7e5f11c method=org.jetbrains.kotlin.parsing.AbstractKotlinParsing.atSet(Lorg/jetbrains/kotlin/com/intellij/psi/tree/TokenSet;)Z @ 88 c2
Event: 3.856 Thread 0x000002b5ab476780 DEOPT PACKING pc=0x000002b5b7e5f11c sp=0x000000e5f3ef9950
Event: 3.856 Thread 0x000002b5ab476780 DEOPT UNPACKING pc=0x000002b5b75ea1a3 sp=0x000000e5f3ef9800 mode 2

Classes unloaded (0 events):
No events

Classes redefined (0 events):
No events

Internal exceptions (20 events):
Event: 0.755 Thread 0x000002b5ab476780 Exception <a 'java/lang/NoSuchMethodError'{0x000000071ac5b258}: 'int java.lang.invoke.DirectMethodHandle$Holder.invokeStaticInit(java.lang.Object, java.lang.Object, java.lang.Object)'> (0x000000071ac5b258) 
thrown [s\src\hotspot\share\interpreter\linkResolver.cpp, line 771]
Event: 0.759 Thread 0x000002b5ab476780 Exception <a 'java/lang/NoSuchMethodError'{0x000000071ac8b408}: 'int java.lang.invoke.DirectMethodHandle$Holder.invokeStaticInit(java.lang.Object, java.lang.Object)'> (0x000000071ac8b408) 
thrown [s\src\hotspot\share\interpreter\linkResolver.cpp, line 771]
Event: 0.772 Thread 0x000002b5ab476780 Exception <a 'java/lang/NoSuchMethodError'{0x000000071ad50960}: 'int java.lang.invoke.DirectMethodHandle$Holder.invokeStatic(java.lang.Object)'> (0x000000071ad50960) 
thrown [s\src\hotspot\share\interpreter\linkResolver.cpp, line 771]
Event: 0.772 Thread 0x000002b5ab476780 Exception <a 'java/lang/NoSuchMethodError'{0x000000071ad54008}: 'int java.lang.invoke.DirectMethodHandle$Holder.invokeStaticInit(java.lang.Object)'> (0x000000071ad54008) 
thrown [s\src\hotspot\share\interpreter\linkResolver.cpp, line 771]
Event: 0.777 Thread 0x000002b5ab476780 Exception <a 'java/lang/NoSuchMethodError'{0x000000071adacf68}: 'void java.lang.invoke.DirectMethodHandle$Holder.invokeSpecial(java.lang.Object, java.lang.Object, java.lang.Object)'> (0x000000071adacf68) 
thrown [s\src\hotspot\share\interpreter\linkResolver.cpp, line 771]
Event: 0.855 Thread 0x000002b5ab476780 Exception <a 'java/lang/NoSuchMethodError'{0x000000071a2cb148}: 'void java.lang.invoke.DirectMethodHandle$Holder.invokeStatic(java.lang.Object, java.lang.Object, java.lang.Object, java.lang.Object)'> (0x000000071a2cb148) 
thrown [s\src\hotspot\share\interpreter\linkResolver.cpp, line 771]
Event: 0.874 Thread 0x000002b5ab476780 Exception <a 'java/lang/NoSuchMethodError'{0x000000071a034b00}: 'java.lang.Object java.lang.invoke.DirectMethodHandle$Holder.invokeInterface(java.lang.Object, java.lang.Object)'> (0x000000071a034b00) 
thrown [s\src\hotspot\share\interpreter\linkResolver.cpp, line 771]
Event: 0.907 Thread 0x000002b5ab476780 Exception <a 'java/lang/NoSuchMethodError'{0x000000071c1ef8e8}: 'void java.lang.invoke.DirectMethodHandle$Holder.invokeStaticInit(java.lang.Object, java.lang.Object)'> (0x000000071c1ef8e8) 
thrown [s\src\hotspot\share\interpreter\linkResolver.cpp, line 771]
Event: 0.931 Thread 0x000002b5ab476780 Exception <a 'java/lang/NoSuchMethodError'{0x000000070ede96e0}: 'int java.lang.invoke.DirectMethodHandle$Holder.invokeVirtual(java.lang.Object, java.lang.Object, java.lang.Object)'> (0x000000070ede96e0) 
thrown [s\src\hotspot\share\interpreter\linkResolver.cpp, line 771]
Event: 0.981 Thread 0x000002b5ab476780 Exception <a 'java/lang/NoSuchMethodError'{0x000000070e61c378}: 'void java.lang.invoke.DirectMethodHandle$Holder.invokeVirtual(java.lang.Object, java.lang.Object)'> (0x000000070e61c378) 
thrown [s\src\hotspot\share\interpreter\linkResolver.cpp, line 771]
Event: 0.986 Thread 0x000002b5ab476780 Exception <a 'sun/nio/fs/WindowsException'{0x000000070e664618}> (0x000000070e664618) 
thrown [s\src\hotspot\share\prims\jni.cpp, line 531]
Event: 0.998 Thread 0x000002b5ab476780 Exception <a 'java/lang/NoSuchMethodError'{0x000000070e6b82f8}: 'java.lang.Object java.lang.invoke.Invokers$Holder.invoke_MT(java.lang.Object, java.lang.Object, java.lang.Object)'> (0x000000070e6b82f8) 
thrown [s\src\hotspot\share\interpreter\linkResolver.cpp, line 771]
Event: 1.179 Thread 0x000002b5ab476780 Exception <a 'java/lang/NoSuchMethodError'{0x0000000719ada438}: 'java.lang.Object java.lang.invoke.DirectMethodHandle$Holder.newInvokeSpecial(java.lang.Object, int, java.lang.Object, java.lang.Object, java.lang.Object, java.lang.Object)'> (0x0000000719ada438) 
thrown [s\src\hotspot\share\interpreter\linkResolver.cpp, line 771]
Event: 1.234 Thread 0x000002b5ab476780 Exception <a 'java/lang/NoSuchMethodError'{0x000000070ede6470}: 'java.lang.Object java.lang.invoke.DirectMethodHandle$Holder.invokeStatic(java.lang.Object, java.lang.Object, int, java.lang.Object)'> (0x000000070ede6470) 
thrown [s\src\hotspot\share\interpreter\linkResolver.cpp, line 771]
Event: 1.398 Thread 0x000002b5ab476780 Exception <a 'java/lang/NoSuchMethodError'{0x0000000719b90da0}: 'java.lang.Object java.lang.invoke.DirectMethodHandle$Holder.newInvokeSpecial(java.lang.Object, java.lang.Object, java.lang.Object, java.lang.Object, java.lang.Object, java.lang.Object)'> (0x0000000719b90da0) 
thrown [s\src\hotspot\share\interpreter\linkResolver.cpp, line 771]
Event: 1.816 Thread 0x000002b5ab476780 Exception <a 'java/lang/NoSuchMethodError'{0x0000000719cd5a20}: 'java.lang.Object java.lang.invoke.DirectMethodHandle$Holder.newInvokeSpecial(java.lang.Object, java.lang.Object, java.lang.Object, java.lang.Object, java.lang.Object, java.lang.Object, java.lang.Object)'> (0x0000000719cd5a20) 
thrown [s\src\hotspot\share\interpreter\linkResolver.cpp, line 771]
Event: 1.817 Thread 0x000002b5ab476780 Exception <a 'java/lang/NoSuchMethodError'{0x0000000719cda330}: 'java.lang.Object java.lang.invoke.Invokers$Holder.linkToTargetMethod(java.lang.Object, java.lang.Object, java.lang.Object, java.lang.Object, java.lang.Object, java.lang.Object, java.lang.Object)'> (0x0000000719cda330) 
thrown [s\src\hotspot\share\interpreter\linkResolver.cpp, line 771]
Event: 2.163 Thread 0x000002b5ab476780 Exception <a 'java/lang/NoSuchMethodError'{0x00000007117e7a00}: 'java.lang.Object java.lang.invoke.DirectMethodHandle$Holder.invokeVirtual(java.lang.Object, java.lang.Object, java.lang.Object)'> (0x00000007117e7a00) 
thrown [s\src\hotspot\share\interpreter\linkResolver.cpp, line 771]
Event: 2.190 Thread 0x000002b5ab476780 Exception <a 'java/lang/NoSuchMethodError'{0x000000071156cde8}: 'java.lang.Object java.lang.invoke.DirectMethodHandle$Holder.newInvokeSpecial(java.lang.Object, java.lang.Object, int)'> (0x000000071156cde8) 
thrown [s\src\hotspot\share\interpreter\linkResolver.cpp, line 771]
Event: 2.321 Thread 0x000002b5ab476780 Exception <a 'java/lang/NoSuchMethodError'{0x0000000710cb6880}: 'int java.lang.invoke.DirectMethodHandle$Holder.invokeStaticInit(java.lang.Object, int)'> (0x0000000710cb6880) 
thrown [s\src\hotspot\share\interpreter\linkResolver.cpp, line 771]

VM Operations (20 events):
Event: 2.112 Executing VM operation: G1PauseRemark done
Event: 2.112 Executing VM operation: G1PauseCleanup
Event: 2.112 Executing VM operation: G1PauseCleanup done
Event: 2.136 Executing VM operation: HandshakeAllThreads
Event: 2.136 Executing VM operation: HandshakeAllThreads done
Event: 2.344 Executing VM operation: HandshakeAllThreads
Event: 2.344 Executing VM operation: HandshakeAllThreads done
Event: 2.468 Executing VM operation: HandshakeAllThreads
Event: 2.468 Executing VM operation: HandshakeAllThreads done
Event: 2.490 Executing VM operation: ICBufferFull
Event: 2.490 Executing VM operation: ICBufferFull done
Event: 2.673 Executing VM operation: ICBufferFull
Event: 2.673 Executing VM operation: ICBufferFull done
Event: 2.768 Executing VM operation: HandshakeAllThreads
Event: 2.769 Executing VM operation: HandshakeAllThreads done
Event: 2.792 Executing VM operation: ICBufferFull
Event: 2.792 Executing VM operation: ICBufferFull done
Event: 3.794 Executing VM operation: Cleanup
Event: 3.856 Executing VM operation: Cleanup done
Event: 4.869 Executing VM operation: Cleanup

Events (20 events):
Event: 2.167 loading class java/util/PrimitiveIterator$OfInt done
Event: 2.169 loading class java/util/BitSet
Event: 2.169 loading class java/util/BitSet done
Event: 2.180 loading class java/io/InvalidObjectException
Event: 2.180 loading class java/io/InvalidObjectException done
Event: 2.189 loading class java/util/function/IntUnaryOperator
Event: 2.189 loading class java/util/function/IntUnaryOperator done
Event: 2.307 loading class java/math/RoundingMode
Event: 2.308 loading class java/math/RoundingMode done
Event: 2.327 Thread 0x000002b5d192f650 Thread exited: 0x000002b5d192f650
Event: 2.343 loading class java/util/ArrayList$ListItr
Event: 2.343 loading class java/util/ArrayList$ListItr done
Event: 2.365 loading class java/util/regex/Pattern$1
Event: 2.365 loading class java/util/regex/Pattern$1 done
Event: 2.378 Thread 0x000002b5d3599020 Thread added: 0x000002b5d3599020
Event: 2.379 Thread 0x000002b5d3599d50 Thread added: 0x000002b5d3599d50
Event: 2.383 Thread 0x000002b5d3675cb0 Thread added: 0x000002b5d3675cb0
Event: 2.383 Thread 0x000002b5d3677940 Thread added: 0x000002b5d3677940
Event: 2.425 Thread 0x000002b5d329d300 Thread added: 0x000002b5d329d300
Event: 2.431 Thread 0x000002b5d3d37c00 Thread added: 0x000002b5d3d37c00


Dynamic libraries:
0x00007ff7e1130000 - 0x00007ff7e113a000 	C:\Program Files\Android\Android Studio\jbr\bin\java.exe
0x00007ffc8a880000 - 0x00007ffc8aae7000 	C:\WINDOWS\SYSTEM32\ntdll.dll
0x00007ffc89cf0000 - 0x00007ffc89db9000 	C:\WINDOWS\System32\KERNEL32.DLL
0x00007ffc88060000 - 0x00007ffc88450000 	C:\WINDOWS\System32\KERNELBASE.dll
0x00007ffc87ce0000 - 0x00007ffc87e2b000 	C:\WINDOWS\System32\ucrtbase.dll
0x00007ffc688a0000 - 0x00007ffc688b7000 	C:\Program Files\Android\Android Studio\jbr\bin\jli.dll
0x00007ffc779b0000 - 0x00007ffc779cb000 	C:\Program Files\Android\Android Studio\jbr\bin\VCRUNTIME140.dll
0x00007ffc88930000 - 0x00007ffc88af5000 	C:\WINDOWS\System32\USER32.dll
0x00007ffc6d820000 - 0x00007ffc6daba000 	C:\WINDOWS\WinSxS\amd64_microsoft.windows.common-controls_6595b64144ccf1df_6.0.26100.4768_none_3e0c112ce331287c\COMCTL32.dll
0x00007ffc88460000 - 0x00007ffc88487000 	C:\WINDOWS\System32\win32u.dll
0x00007ffc897b0000 - 0x00007ffc89859000 	C:\WINDOWS\System32\msvcrt.dll
0x00007ffc8a5a0000 - 0x00007ffc8a5cb000 	C:\WINDOWS\System32\GDI32.dll
0x00007ffc87ba0000 - 0x00007ffc87cd8000 	C:\WINDOWS\System32\gdi32full.dll
0x00007ffc87fb0000 - 0x00007ffc88053000 	C:\WINDOWS\System32\msvcp_win.dll
0x00007ffc8a560000 - 0x00007ffc8a58f000 	C:\WINDOWS\System32\IMM32.DLL
0x00007ffc7fda0000 - 0x00007ffc7fdac000 	C:\Program Files\Android\Android Studio\jbr\bin\vcruntime140_1.dll
0x00007ffc69010000 - 0x00007ffc6909d000 	C:\Program Files\Android\Android Studio\jbr\bin\msvcp140.dll
0x00007ffbd93c0000 - 0x00007ffbda043000 	C:\Program Files\Android\Android Studio\jbr\bin\server\jvm.dll
0x00007ffc88b00000 - 0x00007ffc88bb4000 	C:\WINDOWS\System32\ADVAPI32.dll
0x00007ffc88d90000 - 0x00007ffc88e36000 	C:\WINDOWS\System32\sechost.dll
0x00007ffc88610000 - 0x00007ffc88728000 	C:\WINDOWS\System32\RPCRT4.dll
0x00007ffc7a600000 - 0x00007ffc7a60a000 	C:\WINDOWS\SYSTEM32\WSOCK32.dll
0x00007ffc7e500000 - 0x00007ffc7e535000 	C:\WINDOWS\SYSTEM32\WINMM.dll
0x00007ffc87810000 - 0x00007ffc8786e000 	C:\WINDOWS\SYSTEM32\POWRPROF.dll
0x00007ffc89490000 - 0x00007ffc89504000 	C:\WINDOWS\System32\WS2_32.dll
0x00007ffc7f990000 - 0x00007ffc7f99b000 	C:\WINDOWS\SYSTEM32\VERSION.dll
0x00007ffc877f0000 - 0x00007ffc87804000 	C:\WINDOWS\SYSTEM32\UMPDC.dll
0x00007ffc86730000 - 0x00007ffc8674b000 	C:\WINDOWS\SYSTEM32\kernel.appcore.dll
0x00007ffc81520000 - 0x00007ffc8152a000 	C:\Program Files\Android\Android Studio\jbr\bin\jimage.dll
0x00007ffc85010000 - 0x00007ffc85251000 	C:\WINDOWS\SYSTEM32\DBGHELP.DLL
0x00007ffc890e0000 - 0x00007ffc89465000 	C:\WINDOWS\System32\combase.dll
0x00007ffc8a5d0000 - 0x00007ffc8a6b0000 	C:\WINDOWS\System32\OLEAUT32.dll
0x00007ffc58770000 - 0x00007ffc587b3000 	C:\WINDOWS\SYSTEM32\dbgcore.DLL
0x00007ffc87a70000 - 0x00007ffc87b09000 	C:\WINDOWS\System32\bcryptPrimitives.dll
0x00007ffc691b0000 - 0x00007ffc691d5000 	C:\Program Files\Android\Android Studio\jbr\bin\java.dll
0x00007ffc757c0000 - 0x00007ffc757d8000 	C:\Program Files\Android\Android Studio\jbr\bin\zip.dll
0x00007ffc89e10000 - 0x00007ffc8a55d000 	C:\WINDOWS\System32\SHELL32.dll
0x00007ffc88490000 - 0x00007ffc88603000 	C:\WINDOWS\System32\wintypes.dll
0x00007ffc85570000 - 0x00007ffc85dd0000 	C:\WINDOWS\SYSTEM32\windows.storage.dll
0x00007ffc895a0000 - 0x00007ffc89695000 	C:\WINDOWS\System32\SHCORE.dll
0x00007ffc8a6c0000 - 0x00007ffc8a72a000 	C:\WINDOWS\System32\shlwapi.dll
0x00007ffc878d0000 - 0x00007ffc878f9000 	C:\WINDOWS\SYSTEM32\profapi.dll
0x00007ffc69190000 - 0x00007ffc691a9000 	C:\Program Files\Android\Android Studio\jbr\bin\net.dll
0x00007ffc808a0000 - 0x00007ffc809be000 	C:\WINDOWS\SYSTEM32\WINHTTP.dll
0x00007ffc86cc0000 - 0x00007ffc86d2b000 	C:\WINDOWS\system32\mswsock.dll
0x00007ffc69170000 - 0x00007ffc69186000 	C:\Program Files\Android\Android Studio\jbr\bin\nio.dll
0x00007ffc74210000 - 0x00007ffc74220000 	C:\Program Files\Android\Android Studio\jbr\bin\verify.dll

dbghelp: loaded successfully - version: 4.0.5 - missing functions: none
symbol engine: initialized successfully - sym options: 0x614 - pdb path: .;C:\Program Files\Android\Android Studio\jbr\bin;C:\WINDOWS\SYSTEM32;C:\WINDOWS\WinSxS\amd64_microsoft.windows.common-controls_6595b64144ccf1df_6.0.26100.4768_none_3e0c112ce331287c;C:\Program Files\Android\Android Studio\jbr\bin\server

VM Arguments:
java_command: org.jetbrains.kotlin.cli.jvm.K2JVMCompiler @D:\Project\Android\smj\BACKUP\SMJ-App\app\build\20250924_15114842877790671385.compiler.options
java_class_path (initial): C:\Users\ITMDN\.gradle\caches\modules-2\files-2.1\org.jetbrains.kotlin\kotlin-compiler-embeddable\2.0.20\244b603e8c729f98baaf9088d90b5b9350c68af8\kotlin-compiler-embeddable-2.0.20.jar;C:\Users\ITMDN\.gradle\caches\modules-2\files-2.1\org.jetbrains.kotlin\kotlin-stdlib\2.0.20\7388d355f7cceb002cd387ccb7ab3850e4e0a07f\kotlin-stdlib-2.0.20.jar;C:\Users\ITMDN\.gradle\caches\modules-2\files-2.1\org.jetbrains.kotlin\kotlin-script-runtime\2.0.20\4aea042b39014e0a924c2e1d4a21b6fff7e4d35\kotlin-script-runtime-2.0.20.jar;C:\Users\ITMDN\.gradle\caches\modules-2\files-2.1\org.jetbrains.kotlin\kotlin-reflect\1.6.10\1cbe9c92c12a94eea200d23c2bbaedaf3daf5132\kotlin-reflect-1.6.10.jar;C:\Users\ITMDN\.gradle\caches\modules-2\files-2.1\org.jetbrains.kotlin\kotlin-daemon-embeddable\2.0.20\9eb02dce62f058efe6a121cf00cf5da9779e2746\kotlin-daemon-embeddable-2.0.20.jar;C:\Users\ITMDN\.gradle\caches\modules-2\files-2.1\org.jetbrains.intellij.deps\trove4j\1.0.20200330\3afb14d5f9ceb459d724e907a21145e8ff394f02\trove4j-1.0.20200330.jar;C:\Users\ITMDN\.gradle\caches\modules-2\files-2.1\org.jetbrains.kotlinx\kotlinx-coroutines-core-jvm\1.6.4\2c997cd1c0ef33f3e751d3831929aeff1390cb30\kotlinx-coroutines-core-jvm-1.6.4.jar;C:\Users\ITMDN\.gradle\caches\modules-2\files-2.1\org.jetbrains\annotations\13.0\919f0dfe192fb4e063e7dacadee7f8bb9a2672a9\annotations-13.0.jar
Launcher Type: SUN_STANDARD

[Global flags]
     intx CICompilerCount                          = 12                                        {product} {ergonomic}
     uint ConcGCThreads                            = 3                                         {product} {ergonomic}
     uint G1ConcRefinementThreads                  = 13                                        {product} {ergonomic}
   size_t G1HeapRegionSize                         = 2097152                                   {product} {ergonomic}
    uintx GCDrainStackTargetSize                   = 64                                        {product} {ergonomic}
   size_t InitialHeapSize                          = 255852544                                 {product} {ergonomic}
   size_t MarkStackSize                            = 4194304                                   {product} {ergonomic}
   size_t MaxHeapSize                              = 4078960640                                {product} {ergonomic}
   size_t MaxNewSize                               = 2447376384                                {product} {ergonomic}
   size_t MinHeapDeltaBytes                        = 2097152                                   {product} {ergonomic}
   size_t MinHeapSize                              = 8388608                                   {product} {ergonomic}
    uintx NonNMethodCodeHeapSize                   = 7602480                                {pd product} {ergonomic}
    uintx NonProfiledCodeHeapSize                  = 122027880                              {pd product} {ergonomic}
    uintx ProfiledCodeHeapSize                     = 122027880                              {pd product} {ergonomic}
    uintx ReservedCodeCacheSize                    = 251658240                              {pd product} {ergonomic}
     bool SegmentedCodeCache                       = true                                      {product} {ergonomic}
   size_t SoftMaxHeapSize                          = 4078960640                             {manageable} {ergonomic}
     bool UseCompressedClassPointers               = true                           {product lp64_product} {ergonomic}
     bool UseCompressedOops                        = true                           {product lp64_product} {ergonomic}
     bool UseG1GC                                  = true                                      {product} {ergonomic}
     bool UseLargePagesIndividualAllocation        = false                                  {pd product} {ergonomic}

Logging:
Log output configuration:
 #0: stdout all=warning uptime,level,tags
 #1: stderr all=off uptime,level,tags

Environment Variables:
JAVA_HOME=C:\Program Files\Java\jdk-22
PATH=C:\Python312\Scripts\;C:\Python312\;C:\Program Files\Common Files\Oracle\Java\javapath;C:\Windows\system32;C:\Windows;C:\Windows\System32\Wbem;C:\Windows\System32\WindowsPowerShell\v1.0\;C:\Windows\System32\OpenSSH\;C:\Program Files (x86)\NVIDIA Corporation\PhysX\Common;C:\Program Files\NVIDIA Corporation\NVIDIA NvDLISR;C:\Program Files\Java\jdk-22\bin;C:\Program Files\PuTTY\;C:\xampp\php;C:\ProgramData\ComposerSetup\bin;C:\Program Files\nodejs\;C:\ProgramData\chocolatey\bin;C:\Program Files\TortoiseGit\bin;C:\Program Files\Docker\Docker\resources\bin;C:\Program Files\Git\cmd;C:\WINDOWS\system32;C:\WINDOWS;C:\WINDOWS\System32\Wbem;C:\WINDOWS\System32\WindowsPowerShell\v1.0\;C:\WINDOWS\System32\OpenSSH\;C:\Users\ITMDN\AppData\Local\Microsoft\WindowsApps;C:\Users\ITMDN\AppData\Local\Programs\Microsoft VS Code\bin;C:\Users\ITMDN\AppData\Roaming\Composer\vendor\bin;C:\Users\ITMDN\AppData\Roaming\npm;
USERNAME=ITMDN
OS=Windows_NT
PROCESSOR_IDENTIFIER=AMD64 Family 25 Model 116 Stepping 1, AuthenticAMD
TMP=C:\Users\ITMDN\AppData\Local\Temp
TEMP=C:\Users\ITMDN\AppData\Local\Temp



Periodic native trim disabled

JNI global refs:
JNI global refs: 26, weak refs: 2

JNI global refs memory usage: 843, weak refs: 841

Process memory usage:
Resident Set Size: 227876K (1% of 15927668K total physical memory with 3192300K free physical memory)

OOME stack traces (most recent first):
Classloader memory used:
Loader jdk.internal.loader.ClassLoaders$AppClassLoader                                 : 4003K
Loader bootstrap                                                                       : 1225K
Loader jdk.internal.reflect.DelegatingClassLoader                                      : 2131B


---------------  S Y S T E M  ---------------

OS:
 Windows 11 , 64 bit Build 26100 (10.0.26100.4768)
OS uptime: 1 days 0:56 hours
Hyper-V role detected

CPU: total 16 (initial active 16) (16 cores per cpu, 2 threads per core) family 25 model 116 stepping 1 microcode 0xa704103, cx8, cmov, fxsr, ht, mmx, 3dnowpref, sse, sse2, sse3, ssse3, sse4a, sse4.1, sse4.2, popcnt, lzcnt, tsc, tscinvbit, avx, avx2, aes, erms, clmul, bmi1, bmi2, adx, avx512f, avx512dq, avx512cd, avx512bw, avx512vl, sha, fma, vzeroupper, avx512_vpopcntdq, avx512_vpclmulqdq, avx512_vaes, avx512_vnni, clflush, clflushopt, avx512_vbmi2, avx512_vbmi, hv
Processor Information for processor 0
  Max Mhz: 3801, Current Mhz: 3040, Mhz Limit: 3801
Processor Information for processor 1
  Max Mhz: 3801, Current Mhz: 3801, Mhz Limit: 3801
Processor Information for processor 2
  Max Mhz: 3801, Current Mhz: 3040, Mhz Limit: 3801
Processor Information for processor 3
  Max Mhz: 3801, Current Mhz: 3801, Mhz Limit: 3801
Processor Information for processor 4
  Max Mhz: 3801, Current Mhz: 3801, Mhz Limit: 3801
Processor Information for processor 5
  Max Mhz: 3801, Current Mhz: 3040, Mhz Limit: 3801
Processor Information for processor 6
  Max Mhz: 3801, Current Mhz: 3801, Mhz Limit: 3801
Processor Information for processor 7
  Max Mhz: 3801, Current Mhz: 3040, Mhz Limit: 3801
Processor Information for processor 8
  Max Mhz: 3801, Current Mhz: 3801, Mhz Limit: 3801
Processor Information for processor 9
  Max Mhz: 3801, Current Mhz: 3040, Mhz Limit: 3801
Processor Information for processor 10
  Max Mhz: 3801, Current Mhz: 3801, Mhz Limit: 3801
Processor Information for processor 11
  Max Mhz: 3801, Current Mhz: 3040, Mhz Limit: 3801
Processor Information for processor 12
  Max Mhz: 3801, Current Mhz: 3040, Mhz Limit: 3801
Processor Information for processor 13
  Max Mhz: 3801, Current Mhz: 3801, Mhz Limit: 3801
Processor Information for processor 14
  Max Mhz: 3801, Current Mhz: 3040, Mhz Limit: 3801
Processor Information for processor 15
  Max Mhz: 3801, Current Mhz: 3040, Mhz Limit: 3801

Memory: 4k page, system-wide physical 15554M (3116M free)
TotalPageFile size 15554M (AvailPageFile size 7M)
current process WorkingSet (physical memory assigned to process): 223M, peak: 224M
current process commit charge ("private bytes"): 273M, peak: 363M

vm_info: OpenJDK 64-Bit Server VM (17.0.11+0--11852314) for windows-amd64 JRE (17.0.11+0--11852314), built on May 16 2024 21:29:20 by "androidbuild" with MS VC++ 16.10 / 16.11 (VS2019)

END.
